<?xml version="1.0" encoding="UTF-8"?>
<!-- Generated by org.testng.reporters.JUnitReportReporter -->
<testsuite hostname="DESKTOP-UN2ELBQ" name="Framework.TestNG.TestNGBasics" tests="1" failures="0" timestamp="2 Jun 2019 20:17:07 GMT" time="0.011" errors="0">
  <testcase name="testCase2" time="0.011" classname="Framework.TestNG.TestNGBasics"/>
</testsuite> <!-- Framework.TestNG.TestNGBasics -->
