<?xml version="1.0" encoding="UTF-8"?>
<!-- Generated by org.testng.reporters.JUnitReportReporter -->
<testsuite hostname="DESKTOP-UN2ELBQ" name="Framework.TestNG.Practice2Copy" tests="2" failures="0" timestamp="2 Jun 2019 20:24:55 GMT" time="6.931" errors="0">
  <testcase name="macBook" time="2.436" classname="Framework.TestNG.Practice2Copy"/>
  <testcase name="hpLaptop" time="4.495" classname="Framework.TestNG.Practice2Copy"/>
</testsuite> <!-- Framework.TestNG.Practice2Copy -->
