<?xml version="1.0" encoding="UTF-8"?>
<!-- Generated by org.testng.reporters.JUnitReportReporter -->
<testsuite hostname="DESKTOP-UN2ELBQ" name="Framework.TestNG.Practice1" tests="5" failures="0" timestamp="2 Jun 2019 20:17:07 GMT" time="39.173" errors="0">
  <testcase name="loginWithIncUser" time="6.985" classname="Framework.TestNG.Practice1"/>
  <testcase name="loginWithIncPassword" time="8.214" classname="Framework.TestNG.Practice1"/>
  <testcase name="shoppingCartTest" time="7.767" classname="Framework.TestNG.Practice1"/>
  <testcase name="loginWithCorrectPasswordAndUser" time="8.665" classname="Framework.TestNG.Practice1"/>
  <testcase name="loginWithIncPasswordAndUser" time="7.542" classname="Framework.TestNG.Practice1"/>
</testsuite> <!-- Framework.TestNG.Practice1 -->
