<?xml version="1.0" encoding="UTF-8"?>
<!-- Generated by org.testng.reporters.JUnitReportReporter -->
<testsuite hostname="DESKTOP-UN2ELBQ" name="Framework.TestNG.Practice2" tests="1" failures="0" timestamp="2 Jun 2019 20:17:07 GMT" time="13.386" errors="0">
  <testcase name="addToShoppingCartItem1" time="13.386" classname="Framework.TestNG.Practice2"/>
</testsuite> <!-- Framework.TestNG.Practice2 -->
